d:\learning record\学术报告\csgo esp\direct9 hook\release\vc142.pdb
d:\learning record\学术报告\csgo esp\direct9 hook\release\sdk.obj
d:\learning record\学术报告\csgo esp\direct9 hook\release\menu.obj
d:\learning record\学术报告\csgo esp\direct9 hook\release\fonts.obj
d:\learning record\学术报告\csgo esp\direct9 hook\release\memory.obj
d:\learning record\学术报告\csgo esp\direct9 hook\release\vector.obj
d:\learning record\学术报告\csgo esp\direct9 hook\release\qangle.obj
d:\learning record\学术报告\csgo esp\direct9 hook\release\math.obj
d:\learning record\学术报告\csgo esp\direct9 hook\release\imgui_widgets.obj
d:\learning record\学术报告\csgo esp\direct9 hook\release\imgui_tables.obj
d:\learning record\学术报告\csgo esp\direct9 hook\release\imgui_impl_win32.obj
d:\learning record\学术报告\csgo esp\direct9 hook\release\imgui_impl_dx9.obj
d:\learning record\学术报告\csgo esp\direct9 hook\release\imgui_impl_dx11.obj
d:\learning record\学术报告\csgo esp\direct9 hook\release\imgui_draw.obj
d:\learning record\学术报告\csgo esp\direct9 hook\release\imgui_demo.obj
d:\learning record\学术报告\csgo esp\direct9 hook\release\imgui.obj
d:\learning record\学术报告\csgo esp\direct9 hook\release\hook.obj
d:\learning record\学术报告\csgo esp\direct9 hook\release\hack.obj
d:\learning record\学术报告\csgo esp\direct9 hook\release\globals.obj
d:\learning record\学术报告\csgo esp\direct9 hook\release\draw-list.obj
d:\learning record\学术报告\csgo esp\direct9 hook\release\dllmain.obj
d:\learning record\学术报告\csgo esp\direct9 hook\release\vars.obj
d:\learning record\学术报告\csgo esp\direct9 hook\release\csgohacker.ipdb
d:\learning record\学术报告\csgo esp\direct9 hook\release\csgohacker.iobj
d:\learning record\学术报告\csgo esp\direct9 hook\release\csgohacker.dll
d:\learning record\学术报告\csgo esp\direct9 hook\release\csgohacker.pdb
d:\learning record\学术报告\csgo esp\direct9 hook\release\csgohacker.tlog\cl.command.1.tlog
d:\learning record\学术报告\csgo esp\direct9 hook\release\csgohacker.tlog\cl.read.1.tlog
d:\learning record\学术报告\csgo esp\direct9 hook\release\csgohacker.tlog\cl.write.1.tlog
d:\learning record\学术报告\csgo esp\direct9 hook\release\csgohacker.tlog\csgohacker.write.1u.tlog
d:\learning record\学术报告\csgo esp\direct9 hook\release\csgohacker.tlog\link.command.1.tlog
d:\learning record\学术报告\csgo esp\direct9 hook\release\csgohacker.tlog\link.read.1.tlog
d:\learning record\学术报告\csgo esp\direct9 hook\release\csgohacker.tlog\link.write.1.tlog
