  dllmain.cpp
  draw-list.cpp
  globals.cpp
  hack.cpp
  hook.cpp
  imgui.cpp
  imgui_demo.cpp
  imgui_draw.cpp
  imgui_impl_dx11.cpp
  imgui_impl_dx9.cpp
  imgui_impl_win32.cpp
  imgui_tables.cpp
  imgui_widgets.cpp
  math.cpp
  qangle.cpp
  vector.cpp
  memory.cpp
  fonts.cpp
  menu.cpp
  sdk.cpp
  正在编译...
  vars.cpp
LINK : warning LNK4098: 默认库“LIBCMT”与其他库的使用冲突；请使用 /NODEFAULTLIB:library
  正在生成代码
  Previous IPDB not found, fall back to full compilation.
  All 1723 functions were compiled because no usable IPDB/IOBJ from previous compilation was found.
  已完成代码的生成
  Direct9 Hook.vcxproj -> D:\learning record\学术报告\Csgo ESP\Direct9 Hook\Release\CsgoHacker.dll
